{
  "stats": {
    "suites": 1,
    "tests": 0,
    "passes": 0,
    "pending": 0,
    "failures": 0,
    "start": "2019-09-06T19:08:00.845Z",
    "end": "2019-09-06T19:08:01.915Z",
    "duration": 1070,
    "testsRegistered": 2,
    "passPercent": 0,
    "pendingPercent": 0,
    "other": 2,
    "hasOther": true,
    "skipped": 2,
    "hasSkipped": true
  },
  "results": [
    {
      "uuid": "f83b0200-90e3-4275-a3f0-1c613779b9e0",
      "title": "",
      "fullFile": "",
      "file": "",
      "beforeHooks": [],
      "afterHooks": [],
      "tests": [],
      "suites": [
        {
          "uuid": "ced505c7-000a-4601-878f-a5518633e8fd",
          "title": "Google search automated testing",
          "fullFile": "/Users/dreshannon/Documents/SlackDay/Selenium/google-test/test/homePage.test.js",
          "file": "/test/homePage.test.js",
          "beforeHooks": [
            {
              "title": "\"before each\" hook for \"find the input box and google search button\"",
              "fullTitle": "Google search automated testing \"before each\" hook for \"find the input box and google search button\"",
              "timedOut": false,
              "duration": 1056,
              "state": "failed",
              "speed": null,
              "pass": false,
              "fail": true,
              "pending": false,
              "context": null,
              "code": "page = new Page();\ndriver = page.driver;\nawait page.visit('https://www.google.com');",
              "err": {
                "message": "SessionNotCreatedError: session not created: This version of ChromeDriver only supports Chrome version 76",
                "estack": "SessionNotCreatedError: session not created: This version of ChromeDriver only supports Chrome version 76\n    at Object.throwDecodedError (node_modules/selenium-webdriver/lib/error.js:550:15)\n    at parseHttpResponse (node_modules/selenium-webdriver/lib/http.js:560:13)\n    at Executor.execute (node_modules/selenium-webdriver/lib/http.js:486:26)\n    at process._tickCallback (internal/process/next_tick.js:68:7)",
                "diff": null
              },
              "uuid": "f9eb3635-dc13-4529-a285-89275b856bd9",
              "parentUUID": "ced505c7-000a-4601-878f-a5518633e8fd",
              "isHook": true,
              "skipped": false
            }
          ],
          "afterHooks": [
            {
              "title": "\"after each\" hook for \"find the input box and google search button\"",
              "fullTitle": "Google search automated testing \"after each\" hook for \"find the input box and google search button\"",
              "timedOut": false,
              "duration": 1,
              "state": "failed",
              "speed": null,
              "pass": false,
              "fail": true,
              "pending": false,
              "context": null,
              "code": "await page.quit();",
              "err": {
                "message": "SessionNotCreatedError: session not created: This version of ChromeDriver only supports Chrome version 76",
                "estack": "SessionNotCreatedError: session not created: This version of ChromeDriver only supports Chrome version 76\n    at Object.throwDecodedError (node_modules/selenium-webdriver/lib/error.js:550:15)\n    at parseHttpResponse (node_modules/selenium-webdriver/lib/http.js:560:13)\n    at Executor.execute (node_modules/selenium-webdriver/lib/http.js:486:26)\n    at process._tickCallback (internal/process/next_tick.js:68:7)",
                "diff": null
              },
              "uuid": "578123fe-dcf7-4ee7-9d37-acb013236fcb",
              "parentUUID": "ced505c7-000a-4601-878f-a5518633e8fd",
              "isHook": true,
              "skipped": false
            }
          ],
          "tests": [
            {
              "title": "find the input box and google search button",
              "fullTitle": "Google search automated testing find the input box and google search button",
              "timedOut": false,
              "duration": 0,
              "state": null,
              "speed": null,
              "pass": false,
              "fail": false,
              "pending": false,
              "context": null,
              "code": "const result = await page.findInputAndButton();\nexpect(result.inputEnabled).to.equal(true);\nexpect(result.buttonText).to.include('Google');",
              "err": {},
              "uuid": "fd453382-3446-4450-a804-6ffe1ce012fd",
              "parentUUID": "ced505c7-000a-4601-878f-a5518633e8fd",
              "isHook": false,
              "skipped": true
            },
            {
              "title": "put keyword in search box and click search button",
              "fullTitle": "Google search automated testing put keyword in search box and click search button",
              "timedOut": false,
              "duration": 0,
              "state": null,
              "speed": null,
              "pass": false,
              "fail": false,
              "pending": false,
              "context": null,
              "code": "const result = await page.submitKeywordAndGetResult();\nexpect(result.length).to.be.above(10);",
              "err": {},
              "uuid": "f2efb61e-f841-4dfd-be4a-0c9cdada393b",
              "parentUUID": "ced505c7-000a-4601-878f-a5518633e8fd",
              "isHook": false,
              "skipped": true
            }
          ],
          "suites": [],
          "passes": [],
          "failures": [],
          "pending": [],
          "skipped": [
            "fd453382-3446-4450-a804-6ffe1ce012fd",
            "f2efb61e-f841-4dfd-be4a-0c9cdada393b"
          ],
          "duration": 0,
          "root": false,
          "rootEmpty": false,
          "_timeout": 50000
        }
      ],
      "passes": [],
      "failures": [],
      "pending": [],
      "skipped": [],
      "duration": 0,
      "root": true,
      "rootEmpty": true,
      "_timeout": 2000
    }
  ],
  "meta": {
    "mocha": {
      "version": "6.2.0"
    },
    "mochawesome": {
      "options": {
        "quiet": false,
        "reportFilename": "mochawesome",
        "saveHtml": true,
        "saveJson": true,
        "consoleReporter": "spec",
        "useInlineDiffs": false
      },
      "version": "4.1.0"
    },
    "marge": {
      "options": {
        "autoOpen": "true"
      },
      "version": "4.0.1"
    }
  }
}